<?xml version="1.0" encoding="UTF-8"?>
<robot generator="Robot 4.1 (Python 3.9.7 on win32)" generated="20210906 19:55:48.990" rpa="false" schemaversion="2">
<suite id="s1" name="Tests" source="C:\Users\kusuma\flipkart assgn\Tests">
<suite id="s1-s1" name="Testcase" source="C:\Users\kusuma\flipkart assgn\Tests\Testcase.robot">
<test id="s1-s1-t1" name="Observe user is able to test sanity flow">
<kw name="Given User Launch browser for flipkart">
<kw name="Open Browser" library="SeleniumLibrary">
<arg>https://www.flipkart.com/</arg>
<arg>gc</arg>
<doc>Opens a new browser instance to the optional ``url``.</doc>
<msg timestamp="20210906 19:55:49.169" level="INFO">Opening browser 'gc' to base url 'https://www.flipkart.com/'.</msg>
<status status="PASS" starttime="20210906 19:55:49.169" endtime="20210906 19:55:53.377"/>
</kw>
<kw name="Maximize Browser Window" library="SeleniumLibrary">
<doc>Maximizes current browser window.</doc>
<status status="PASS" starttime="20210906 19:55:53.377" endtime="20210906 19:55:53.497"/>
</kw>
<status status="PASS" starttime="20210906 19:55:49.169" endtime="20210906 19:55:53.498"/>
</kw>
<kw name="Enter user name and password for login">
<kw name="Input Text" library="SeleniumLibrary">
<arg>xpath=/html/body/div[2]/div/div/div/div/div[2]/div/form/div[1]/input</arg>
<arg>8073587549</arg>
<doc>Types the given ``text`` into the text field identified by ``locator``.</doc>
<msg timestamp="20210906 19:55:53.502" level="INFO">Typing text '8073587549' into text field 'xpath=/html/body/div[2]/div/div/div/div/div[2]/div/form/div[1]/input'.</msg>
<status status="PASS" starttime="20210906 19:55:53.501" endtime="20210906 19:55:53.621"/>
</kw>
<kw name="Input Text" library="SeleniumLibrary">
<arg>xpath=/html/body/div[2]/div/div/div/div/div[2]/div/form/div[2]/input</arg>
<arg>Kusuma@123</arg>
<doc>Types the given ``text`` into the text field identified by ``locator``.</doc>
<msg timestamp="20210906 19:55:53.622" level="INFO">Typing text 'Kusuma@123' into text field 'xpath=/html/body/div[2]/div/div/div/div/div[2]/div/form/div[2]/input'.</msg>
<status status="PASS" starttime="20210906 19:55:53.622" endtime="20210906 19:55:53.707"/>
</kw>
<kw name="Click Element" library="SeleniumLibrary">
<arg>xpath=/html/body/div[2]/div/div/div/div/div[2]/div/form/div[4]/button</arg>
<doc>Click the element identified by ``locator``.</doc>
<msg timestamp="20210906 19:55:53.708" level="INFO">Clicking element 'xpath=/html/body/div[2]/div/div/div/div/div[2]/div/form/div[4]/button'.</msg>
<status status="PASS" starttime="20210906 19:55:53.707" endtime="20210906 19:55:53.758"/>
</kw>
<kw name="Sleep" library="BuiltIn">
<arg>2s</arg>
<doc>Pauses the test executed for the given time.</doc>
<msg timestamp="20210906 19:55:55.769" level="INFO">Slept 2 seconds</msg>
<status status="PASS" starttime="20210906 19:55:53.758" endtime="20210906 19:55:55.769"/>
</kw>
<kw name="Wait Until Element Is Visible" library="SeleniumLibrary">
<arg>xpath=//*[@id="container"]/div/div[2]/div/div/div[5]/a/div[1]/div/img</arg>
<doc>Waits until the element ``locator`` is visible.</doc>
<status status="PASS" starttime="20210906 19:55:55.769" endtime="20210906 19:55:55.992"/>
</kw>
<kw name="Mouse Over" library="SeleniumLibrary">
<arg>xpath=//*[@id="container"]/div/div[2]/div/div/div[5]/a/div[1]/div/img</arg>
<doc>Simulates hovering the mouse over the element ``locator``.</doc>
<msg timestamp="20210906 19:55:55.992" level="INFO">Simulating Mouse Over on element 'xpath=//*[@id="container"]/div/div[2]/div/div/div[5]/a/div[1]/div/img'.</msg>
<status status="PASS" starttime="20210906 19:55:55.992" endtime="20210906 19:55:56.274"/>
</kw>
<kw name="Mouse Over" library="SeleniumLibrary">
<arg>xpath=//*[@id="container"]/div/div[2]/div/div/div[5]/a/div[2]/div[2]/div[2]/div/div/div[1]/a[7]</arg>
<doc>Simulates hovering the mouse over the element ``locator``.</doc>
<msg timestamp="20210906 19:55:56.276" level="INFO">Simulating Mouse Over on element 'xpath=//*[@id="container"]/div/div[2]/div/div/div[5]/a/div[2]/div[2]/div[2]/div/div/div[1]/a[7]'.</msg>
<status status="PASS" starttime="20210906 19:55:56.275" endtime="20210906 19:55:56.568"/>
</kw>
<kw name="Sleep" library="BuiltIn">
<arg>2s</arg>
<doc>Pauses the test executed for the given time.</doc>
<msg timestamp="20210906 19:55:58.574" level="INFO">Slept 2 seconds</msg>
<status status="PASS" starttime="20210906 19:55:56.568" endtime="20210906 19:55:58.574"/>
</kw>
<kw name="Mouse Over" library="SeleniumLibrary">
<arg>xpath=//*[@id="container"]/div/div[2]/div/div/div[5]/a/div[2]/div[2]/div[2]/div/div/div[2]/a[2]</arg>
<doc>Simulates hovering the mouse over the element ``locator``.</doc>
<msg timestamp="20210906 19:55:58.574" level="INFO">Simulating Mouse Over on element 'xpath=//*[@id="container"]/div/div[2]/div/div/div[5]/a/div[2]/div[2]/div[2]/div/div/div[2]/a[2]'.</msg>
<status status="PASS" starttime="20210906 19:55:58.574" endtime="20210906 19:55:58.857"/>
</kw>
<kw name="Click Element" library="SeleniumLibrary">
<arg>xpath=//*[@id="container"]/div/div[2]/div/div/div[5]/a/div[2]/div[2]/div[2]/div/div/div[2]/a[2]</arg>
<doc>Click the element identified by ``locator``.</doc>
<msg timestamp="20210906 19:55:58.857" level="INFO">Clicking element 'xpath=//*[@id="container"]/div/div[2]/div/div/div[5]/a/div[2]/div[2]/div[2]/div/div/div[2]/a[2]'.</msg>
<status status="PASS" starttime="20210906 19:55:58.857" endtime="20210906 19:55:58.897"/>
</kw>
<kw name="Sleep" library="BuiltIn">
<arg>2s</arg>
<doc>Pauses the test executed for the given time.</doc>
<msg timestamp="20210906 19:56:00.910" level="INFO">Slept 2 seconds</msg>
<status status="PASS" starttime="20210906 19:55:58.897" endtime="20210906 19:56:00.910"/>
</kw>
<status status="PASS" starttime="20210906 19:55:53.500" endtime="20210906 19:56:00.910"/>
</kw>
<kw name="Pick product">
<kw name="Wait Until Element Is Visible" library="SeleniumLibrary">
<arg>xpath=//*[@id="container"]/div/div[3]/div[5]/div/div[1]</arg>
<doc>Waits until the element ``locator`` is visible.</doc>
<status status="PASS" starttime="20210906 19:56:00.911" endtime="20210906 19:56:00.931"/>
</kw>
<kw name="Mouse Over" library="SeleniumLibrary">
<arg>xpath=//*[@id="container"]/div/div[3]/div[5]/div/div[2]/div/div/div[1]/div/div[2]/div/div/a/div/div/div</arg>
<doc>Simulates hovering the mouse over the element ``locator``.</doc>
<msg timestamp="20210906 19:56:00.931" level="INFO">Simulating Mouse Over on element 'xpath=//*[@id="container"]/div/div[3]/div[5]/div/div[2]/div/div/div[1]/div/div[2]/div/div/a/div/div/div'.</msg>
<status status="PASS" starttime="20210906 19:56:00.931" endtime="20210906 19:56:01.226"/>
</kw>
<kw name="Sleep" library="BuiltIn">
<arg>2s</arg>
<doc>Pauses the test executed for the given time.</doc>
<msg timestamp="20210906 19:56:03.236" level="INFO">Slept 2 seconds</msg>
<status status="PASS" starttime="20210906 19:56:01.226" endtime="20210906 19:56:03.236"/>
</kw>
<kw name="Click Element" library="SeleniumLibrary">
<arg>xpath=//*[@id="container"]/div/div[3]/div[5]/div/div[2]/div/div/div[1]/div/div[2]/div/div/a/div/div/div</arg>
<doc>Click the element identified by ``locator``.</doc>
<msg timestamp="20210906 19:56:03.237" level="INFO">Clicking element 'xpath=//*[@id="container"]/div/div[3]/div[5]/div/div[2]/div/div/div[1]/div/div[2]/div/div/a/div/div/div'.</msg>
<status status="PASS" starttime="20210906 19:56:03.237" endtime="20210906 19:56:03.319"/>
</kw>
<kw name="Sleep" library="BuiltIn">
<arg>2s</arg>
<doc>Pauses the test executed for the given time.</doc>
<msg timestamp="20210906 19:56:05.329" level="INFO">Slept 2 seconds</msg>
<status status="PASS" starttime="20210906 19:56:03.319" endtime="20210906 19:56:05.329"/>
</kw>
<status status="PASS" starttime="20210906 19:56:00.911" endtime="20210906 19:56:05.329"/>
</kw>
<kw name="Add to cart">
<kw name="Switch Window" library="SeleniumLibrary">
<arg>new</arg>
<doc>Switches to browser window matching ``locator``.</doc>
<status status="PASS" starttime="20210906 19:56:05.330" endtime="20210906 19:56:05.340"/>
</kw>
<kw name="Sleep" library="BuiltIn">
<arg>2s</arg>
<doc>Pauses the test executed for the given time.</doc>
<msg timestamp="20210906 19:56:07.356" level="INFO">Slept 2 seconds</msg>
<status status="PASS" starttime="20210906 19:56:05.340" endtime="20210906 19:56:07.356"/>
</kw>
<kw name="Click Button" library="SeleniumLibrary">
<arg>xpath=//*[@id="container"]/div/div[3]/div[1]/div[1]/div[2]/div/ul/li[1]/button</arg>
<doc>Clicks the button identified by ``locator``.</doc>
<msg timestamp="20210906 19:56:07.356" level="INFO">Clicking button 'xpath=//*[@id="container"]/div/div[3]/div[1]/div[1]/div[2]/div/ul/li[1]/button'.</msg>
<status status="PASS" starttime="20210906 19:56:07.356" endtime="20210906 19:56:07.419"/>
</kw>
<status status="PASS" starttime="20210906 19:56:05.330" endtime="20210906 19:56:07.419"/>
</kw>
<tag>sanity</tag>
<status status="PASS" starttime="20210906 19:55:49.168" endtime="20210906 19:56:07.420"/>
</test>
<status status="PASS" starttime="20210906 19:55:49.011" endtime="20210906 19:56:07.422"/>
</suite>
<status status="PASS" starttime="20210906 19:55:48.991" endtime="20210906 19:56:07.424"/>
</suite>
<statistics>
<total>
<stat pass="1" fail="0" skip="0">All Tests</stat>
</total>
<tag>
<stat pass="1" fail="0" skip="0">sanity</stat>
</tag>
<suite>
<stat pass="1" fail="0" skip="0" id="s1" name="Tests">Tests</stat>
<stat pass="1" fail="0" skip="0" id="s1-s1" name="Testcase">Tests.Testcase</stat>
</suite>
</statistics>
<errors>
</errors>
</robot>
